SF:core/__init__.py
end_of_record
SF:core/differ.py
DA:3,1
DA:5,1
DA:7,1
DA:8,1
DA:11,1
DA:37,1
DA:38,1
DA:40,1
DA:41,1
DA:43,1
DA:45,1
DA:48,1
DA:49,1
DA:50,1
DA:51,1
DA:52,1
DA:53,1
DA:54,1
DA:55,0
DA:56,1
DA:57,1
DA:58,1
DA:59,0
DA:62,1
DA:65,1
DA:68,1
DA:69,1
DA:70,1
DA:71,1
DA:73,1
DA:74,1
DA:76,1
DA:77,1
DA:78,1
DA:79,1
DA:80,1
DA:81,1
DA:82,1
DA:83,1
DA:84,1
DA:86,1
DA:87,1
DA:89,1
DA:90,1
DA:100,1
DA:102,1
DA:103,1
DA:105,1
LF:48
LH:46
FN:11,105,compute_diff
FNDA:1,compute_diff
FNF:1
FNH:1
end_of_record
SF:core/matching.py
DA:3,1
DA:5,1
DA:6,1
DA:8,1
DA:11,1
DA:21,1
DA:22,1
DA:23,1
DA:24,1
DA:25,1
DA:26,1
DA:27,1
DA:29,1
DA:31,1
DA:32,1
DA:33,1
DA:34,1
DA:35,1
DA:36,1
DA:37,1
DA:39,1
DA:41,1
DA:42,1
DA:44,1
DA:45,1
DA:46,1
DA:48,1
DA:57,1
DA:67,1
DA:68,1
DA:71,1
DA:72,1
DA:73,1
DA:74,1
DA:75,1
DA:76,1
DA:77,1
DA:78,1
DA:79,1
DA:80,1
DA:83,1
DA:84,1
DA:89,1
DA:91,1
DA:92,1
DA:93,1
DA:95,1
DA:96,1
DA:97,1
DA:98,1
DA:100,1
DA:101,1
DA:102,1
DA:103,0
DA:104,0
DA:105,1
DA:106,1
DA:107,1
DA:111,1
DA:112,1
DA:114,1
DA:115,1
DA:116,1
DA:117,1
DA:118,0
DA:120,1
DA:121,1
DA:122,1
DA:123,1
DA:124,1
DA:125,1
DA:127,1
DA:128,1
DA:130,1
DA:131,1
DA:134,1
DA:136,1
DA:143,1
DA:145,1
DA:146,1
DA:148,1
LF:81
LH:78
FN:11,54,match_by_key
FNDA:1,match_by_key
FN:57,140,match_by_geometry
FNDA:1,match_by_geometry
FN:143,148,_geoms_equal
FNDA:1,_geoms_equal
FNF:3
FNH:3
end_of_record
SF:core/models.py
DA:3,1
DA:4,1
DA:7,1
DA:8,1
DA:11,1
DA:12,1
DA:13,1
DA:15,1
DA:16,1
DA:17,1
DA:20,1
DA:21,1
DA:24,1
DA:25,1
DA:26,1
DA:29,1
DA:30,1
DA:33,1
DA:34,1
DA:35,1
DA:36,1
DA:37,1
DA:40,1
DA:41,1
DA:44,1
DA:45,1
DA:46,1
DA:47,1
DA:48,1
DA:50,1
DA:51,1
DA:52,1
LF:32
LH:32
FN:16,17,FeatureRecord.from_dict
FNDA:1,FeatureRecord.from_dict
FN:51,58,DiffResult.summary
FNDA:1,DiffResult.summary
FNF:2
FNH:2
end_of_record
SF:core/report.py
DA:3,1
DA:4,1
DA:5,1
DA:7,1
DA:10,1
DA:12,1
DA:13,0
DA:14,1
DA:17,1
DA:23,1
DA:24,1
DA:25,1
DA:26,1
DA:27,1
DA:28,1
DA:29,1
DA:35,1
DA:36,1
DA:37,1
DA:43,1
DA:49,1
DA:50,1
DA:51,1
DA:58,1
DA:59,1
DA:90,1
DA:91,1
DA:92,1
DA:93,1
DA:94,1
DA:95,1
DA:96,1
DA:100,1
DA:103,1
DA:105,1
DA:106,1
DA:109,1
DA:112,1
DA:113,1
DA:116,1
DA:117,1
DA:120,1
DA:121,1
DA:122,1
DA:123,1
DA:124,1
DA:125,1
DA:126,1
DA:128,1
LF:49
LH:48
FN:10,14,_esc
FNDA:1,_esc
FN:17,87,to_html
FNDA:1,to_html
FN:90,100,_modified_rows
FNDA:1,_modified_rows
FN:103,128,to_csv
FNDA:1,to_csv
FNF:4
FNH:4
end_of_record
